2023-12-16 13:16:58,495 INFO supervisord started with pid 15750
2023-12-16 13:16:59,527 INFO spawnerr: can't find command 'server.exe'
2023-12-16 13:17:00,560 INFO spawnerr: can't find command 'server.exe'
2023-12-16 13:17:02,594 INFO spawnerr: can't find command 'server.exe'
2023-12-16 13:17:04,597 WARN received SIGINT indicating exit request
2023-12-16 13:17:12,605 INFO supervisord started with pid 15810
2023-12-16 13:17:13,608 INFO spawned: 'server' with pid 15811
2023-12-16 13:17:15,188 INFO success: server entered RUNNING state, process has stayed up for > than 1 seconds (startsecs)
2023-12-16 13:17:34,276 INFO exited: server (exit status 0; expected)
2023-12-16 13:17:35,279 INFO spawned: 'server' with pid 15812
2023-12-16 13:17:36,951 INFO success: server entered RUNNING state, process has stayed up for > than 1 seconds (startsecs)
2023-12-16 13:17:48,973 INFO exited: server (exit status 0; expected)
2023-12-16 13:17:49,976 INFO spawned: 'server' with pid 15813
2023-12-16 13:17:51,692 INFO success: server entered RUNNING state, process has stayed up for > than 1 seconds (startsecs)
2023-12-16 13:18:25,015 WARN received SIGINT indicating exit request
2023-12-16 13:18:25,016 INFO waiting for server to die
2023-12-16 13:18:25,016 WARN stopped: server (terminated by SIGTERM)
2023-12-16 14:25:47,147 INFO supervisord started with pid 17070
2023-12-16 14:25:48,150 INFO spawned: 'server' with pid 17071
2023-12-16 14:25:50,139 INFO success: server entered RUNNING state, process has stayed up for > than 1 seconds (startsecs)
2023-12-16 14:26:27,502 WARN received SIGINT indicating exit request
2023-12-16 14:26:27,502 INFO waiting for server to die
2023-12-16 14:26:27,503 WARN stopped: server (terminated by SIGTERM)
2023-12-16 14:27:55,749 INFO supervisord started with pid 17259
2023-12-16 14:27:56,751 INFO spawned: 'server' with pid 17260
2023-12-16 14:27:58,291 INFO success: server entered RUNNING state, process has stayed up for > than 1 seconds (startsecs)
2023-12-16 14:33:02,239 INFO exited: server (exit status 0; expected)
2023-12-16 14:33:03,242 INFO spawned: 'server' with pid 17589
2023-12-16 14:33:04,914 INFO success: server entered RUNNING state, process has stayed up for > than 1 seconds (startsecs)
2023-12-16 14:36:49,186 WARN received SIGINT indicating exit request
2023-12-16 14:36:49,187 INFO waiting for server to die
2023-12-16 14:36:49,187 WARN stopped: server (terminated by SIGTERM)
